Build started 10/21/2013 7:38:25 PM.
     1>Project "\\wfs1\users$\ingrassi\Desktop\Graphics Project 2\CS559_Project2\CS559_Project2.vcxproj" on node 2 (Build target(s)).
     1>ClCompile:
         C:\Program Files (x86)\Microsoft Visual Studio 11.0\VC\bin\CL.exe /c /I"C:\Program Files (x86)\freeglut-2.8.1\include" /I"C:\Program Files (x86)\glew-1.7.0\include" /I"C:\Program Files (x86)\glm-0.9.4.5" /I"C:\Program Files (x86)\glm-0.9.4.5" /ZI /nologo /W3 /WX- /sdl /Od /Oy- /D WIN32 /D _DEBUG /D _CONSOLE /D _UNICODE /D UNICODE /Gm /EHsc /RTC1 /MDd /GS /fp:precise /Zc:wchar_t /Zc:forScope /Fo"Debug\\" /Fd"Debug\vc110.pdb" /Gd /TP /analyze- /errorReport:prompt Mars.cpp PlanarMesh.cpp
         PlanarMesh.cpp
     1>\\wfs1\users$\ingrassi\desktop\graphics project 2\cs559_project2\planarmesh.h(40): error C2061: syntax error : identifier 'Light'
     1>\\wfs1\users$\ingrassi\desktop\graphics project 2\cs559_project2\planarmesh.cpp(43): warning C4018: '<' : signed/unsigned mismatch
     1>\\wfs1\users$\ingrassi\desktop\graphics project 2\cs559_project2\planarmesh.cpp(76): warning C4244: 'argument' : conversion from 'float' to 'int', possible loss of data
     1>\\wfs1\users$\ingrassi\desktop\graphics project 2\cs559_project2\planarmesh.cpp(79): warning C4244: 'argument' : conversion from 'float' to 'int', possible loss of data
     1>\\wfs1\users$\ingrassi\desktop\graphics project 2\cs559_project2\planarmesh.cpp(82): warning C4244: 'argument' : conversion from 'float' to 'int', possible loss of data
     1>\\wfs1\users$\ingrassi\desktop\graphics project 2\cs559_project2\planarmesh.cpp(88): warning C4244: 'argument' : conversion from 'float' to 'int', possible loss of data
     1>\\wfs1\users$\ingrassi\desktop\graphics project 2\cs559_project2\planarmesh.cpp(91): warning C4244: 'argument' : conversion from 'float' to 'int', possible loss of data
     1>\\wfs1\users$\ingrassi\desktop\graphics project 2\cs559_project2\planarmesh.cpp(94): warning C4244: 'argument' : conversion from 'float' to 'int', possible loss of data
     1>\\wfs1\users$\ingrassi\desktop\graphics project 2\cs559_project2\planarmesh.cpp(166): error C2511: 'void PlanarMesh::Draw(glm::mat4,glm::mat4,Light,Shader)' : overloaded member function not found in 'PlanarMesh'
                 \\wfs1\users$\ingrassi\desktop\graphics project 2\cs559_project2\planarmesh.h(10) : see declaration of 'PlanarMesh'
         Mars.cpp
     1>\\wfs1\users$\ingrassi\desktop\graphics project 2\cs559_project2\planarmesh.h(40): error C2061: syntax error : identifier 'Light'
         Generating Code...
     1>Done Building Project "\\wfs1\users$\ingrassi\Desktop\Graphics Project 2\CS559_Project2\CS559_Project2.vcxproj" (Build target(s)) -- FAILED.

Build FAILED.

Time Elapsed 00:00:02.06
